[
  {
    "line": 2,
    "elements": [
      {
        "start_timestamp": "2021-01-06T17:50:08.288Z",
        "before": [
          {
            "result": {
              "duration": 3308866000,
              "status": "passed"
            },
            "match": {
              "location": "com.cucumber_maven.steps.Hooks.start()"
            }
          }
        ],
        "line": 5,
        "name": "User should be able to see books available in different stores",
        "description": "",
        "id": "checking-amazon-search-functionality;user-should-be-able-to-see-books-available-in-different-stores",
        "after": [
          {
            "result": {
              "error_message": "org.openqa.selenium.WebDriverException: chrome not reachable\n  (Session info: chrome\u003d87.0.4280.88)\nBuild info: version: \u00273.141.59\u0027, revision: \u0027e82be7d358\u0027, time: \u00272018-11-14T08:17:03\u0027\nSystem info: host: \u0027Farids-MacBook-Pro.local\u0027, ip: \u00272601:140:8001:d60:0:0:0:3bb6%en0\u0027, os.name: \u0027Mac OS X\u0027, os.arch: \u0027x86_64\u0027, os.version: \u002710.15.7\u0027, java.version: \u002712.0.1\u0027\nDriver info: org.openqa.selenium.chrome.ChromeDriver\nCapabilities {acceptInsecureCerts: false, browserName: chrome, browserVersion: 87.0.4280.88, chrome: {chromedriverVersion: 87.0.4280.88 (89e2380a3e36c..., userDataDir: /var/folders/3f/bmdqslj1025...}, goog:chromeOptions: {debuggerAddress: localhost:61893}, javascriptEnabled: true, networkConnectionEnabled: false, pageLoadStrategy: normal, platform: MAC, platformName: MAC, proxy: Proxy(), setWindowRect: true, strictFileInteractability: false, timeouts: {implicit: 0, pageLoad: 300000, script: 30000}, unhandledPromptBehavior: dismiss and notify, webauthn:virtualAuthenticators: true}\nSession ID: d4d872065f67f84ade2f6feb2fbaa674\n\tat java.base/jdk.internal.reflect.NativeConstructorAccessorImpl.newInstance0(Native Method)\n\tat java.base/jdk.internal.reflect.NativeConstructorAccessorImpl.newInstance(NativeConstructorAccessorImpl.java:62)\n\tat java.base/jdk.internal.reflect.DelegatingConstructorAccessorImpl.newInstance(DelegatingConstructorAccessorImpl.java:45)\n\tat java.base/java.lang.reflect.Constructor.newInstanceWithCaller(Constructor.java:500)\n\tat java.base/java.lang.reflect.Constructor.newInstance(Constructor.java:481)\n\tat org.openqa.selenium.remote.http.W3CHttpResponseCodec.createException(W3CHttpResponseCodec.java:187)\n\tat org.openqa.selenium.remote.http.W3CHttpResponseCodec.decode(W3CHttpResponseCodec.java:122)\n\tat org.openqa.selenium.remote.http.W3CHttpResponseCodec.decode(W3CHttpResponseCodec.java:49)\n\tat org.openqa.selenium.remote.HttpCommandExecutor.execute(HttpCommandExecutor.java:158)\n\tat org.openqa.selenium.remote.service.DriverCommandExecutor.execute(DriverCommandExecutor.java:83)\n\tat org.openqa.selenium.remote.RemoteWebDriver.execute(RemoteWebDriver.java:552)\n\tat org.openqa.selenium.remote.RemoteWebDriver.execute(RemoteWebDriver.java:609)\n\tat org.openqa.selenium.remote.RemoteWebDriver.getScreenshotAs(RemoteWebDriver.java:295)\n\tat com.cucumber_maven.utils.CommonMethods.takeScreenshot(CommonMethods.java:280)\n\tat com.cucumber_maven.steps.Hooks.end(Hooks.java:24)\n",
              "duration": 6432000,
              "status": "failed"
            },
            "match": {
              "location": "com.cucumber_maven.steps.Hooks.end(io.cucumber.java.Scenario)"
            }
          }
        ],
        "type": "scenario",
        "keyword": "Scenario",
        "steps": [
          {
            "result": {
              "duration": 111404000,
              "status": "passed"
            },
            "line": 6,
            "name": "user is navigated to amazon.com",
            "match": {
              "location": "com.cucumber_maven.steps.AmazonFuncSteps.user_is_navigated_to_amazon_com()"
            },
            "keyword": "Given "
          },
          {
            "result": {
              "duration": 878054000,
              "status": "passed"
            },
            "line": 7,
            "name": "user selects \"Books\" from the searchFropDownBox",
            "match": {
              "arguments": [
                {
                  "val": "\"Books\"",
                  "offset": 13
                }
              ],
              "location": "com.cucumber_maven.steps.AmazonFuncSteps.user_selects_from_the_searchFropDownBox(java.lang.String)"
            },
            "keyword": "And "
          },
          {
            "result": {
              "duration": 1056764000,
              "status": "passed"
            },
            "line": 8,
            "name": "user inputs \"Harry Potter\" in the search box",
            "match": {
              "arguments": [
                {
                  "val": "\"Harry Potter\"",
                  "offset": 12
                }
              ],
              "location": "com.cucumber_maven.steps.AmazonFuncSteps.user_inputs_in_the_search_box(java.lang.String)"
            },
            "keyword": "When "
          },
          {
            "result": {
              "error_message": "org.openqa.selenium.WebDriverException: chrome not reachable\n  (Session info: chrome\u003d87.0.4280.88)\nBuild info: version: \u00273.141.59\u0027, revision: \u0027e82be7d358\u0027, time: \u00272018-11-14T08:17:03\u0027\nSystem info: host: \u0027Farids-MacBook-Pro.local\u0027, ip: \u00272601:140:8001:d60:0:0:0:3bb6%en0\u0027, os.name: \u0027Mac OS X\u0027, os.arch: \u0027x86_64\u0027, os.version: \u002710.15.7\u0027, java.version: \u002712.0.1\u0027\nDriver info: org.openqa.selenium.chrome.ChromeDriver\nCapabilities {acceptInsecureCerts: false, browserName: chrome, browserVersion: 87.0.4280.88, chrome: {chromedriverVersion: 87.0.4280.88 (89e2380a3e36c..., userDataDir: /var/folders/3f/bmdqslj1025...}, goog:chromeOptions: {debuggerAddress: localhost:61893}, javascriptEnabled: true, networkConnectionEnabled: false, pageLoadStrategy: normal, platform: MAC, platformName: MAC, proxy: Proxy(), setWindowRect: true, strictFileInteractability: false, timeouts: {implicit: 0, pageLoad: 300000, script: 30000}, unhandledPromptBehavior: dismiss and notify, webauthn:virtualAuthenticators: true}\nSession ID: d4d872065f67f84ade2f6feb2fbaa674\n*** Element info: {Using\u003dclass name, value\u003da-spacing-micro}\n\tat java.base/jdk.internal.reflect.NativeConstructorAccessorImpl.newInstance0(Native Method)\n\tat java.base/jdk.internal.reflect.NativeConstructorAccessorImpl.newInstance(NativeConstructorAccessorImpl.java:62)\n\tat java.base/jdk.internal.reflect.DelegatingConstructorAccessorImpl.newInstance(DelegatingConstructorAccessorImpl.java:45)\n\tat java.base/java.lang.reflect.Constructor.newInstanceWithCaller(Constructor.java:500)\n\tat java.base/java.lang.reflect.Constructor.newInstance(Constructor.java:481)\n\tat org.openqa.selenium.remote.http.W3CHttpResponseCodec.createException(W3CHttpResponseCodec.java:187)\n\tat org.openqa.selenium.remote.http.W3CHttpResponseCodec.decode(W3CHttpResponseCodec.java:122)\n\tat org.openqa.selenium.remote.http.W3CHttpResponseCodec.decode(W3CHttpResponseCodec.java:49)\n\tat org.openqa.selenium.remote.HttpCommandExecutor.execute(HttpCommandExecutor.java:158)\n\tat org.openqa.selenium.remote.service.DriverCommandExecutor.execute(DriverCommandExecutor.java:83)\n\tat org.openqa.selenium.remote.RemoteWebDriver.execute(RemoteWebDriver.java:552)\n\tat org.openqa.selenium.remote.RemoteWebDriver.findElements(RemoteWebDriver.java:353)\n\tat org.openqa.selenium.remote.RemoteWebDriver.findElementsByClassName(RemoteWebDriver.java:416)\n\tat org.openqa.selenium.By$ByClassName.findElements(By.java:380)\n\tat org.openqa.selenium.remote.RemoteWebDriver.findElements(RemoteWebDriver.java:311)\n\tat org.openqa.selenium.support.pagefactory.DefaultElementLocator.findElements(DefaultElementLocator.java:85)\n\tat org.openqa.selenium.support.pagefactory.internal.LocatingElementListHandler.invoke(LocatingElementListHandler.java:36)\n\tat com.sun.proxy.$Proxy20.iterator(Unknown Source)\n\tat com.cucumber_maven.steps.AmazonFuncSteps.the_user_sees_book_available_in_different_stores(AmazonFuncSteps.java:46)\n\tat âœ½.the user sees \"Harry Pooter\" book available in different stores(file:///Users/faridghulamsakhi/eclipse-workspace/Maven_Cucumber/src/test/resources/features/amazonFunc.feature:9)\n",
              "duration": 106053000,
              "status": "failed"
            },
            "line": 9,
            "name": "the user sees \"Harry Pooter\" book available in different stores",
            "match": {
              "arguments": [
                {
                  "val": "\"Harry Pooter\"",
                  "offset": 14
                }
              ],
              "location": "com.cucumber_maven.steps.AmazonFuncSteps.the_user_sees_book_available_in_different_stores(java.lang.String)"
            },
            "keyword": "Then "
          }
        ],
        "tags": [
          {
            "name": "@smoke"
          }
        ]
      }
    ],
    "name": "Checking amazon search functionality",
    "description": "",
    "id": "checking-amazon-search-functionality",
    "keyword": "Feature",
    "uri": "file:src/test/resources/features/amazonFunc.feature",
    "tags": []
  }
]